<?xml version="1.0" encoding="UTF-8"?>
<testsuite name="org.fastcampus.community_feed.user.domain.UserTest" tests="1" skipped="0" failures="0" errors="0" timestamp="2024-12-01T08:52:48" hostname="YAHOPET" time="0.025">
  <properties/>
  <testcase name="givenCreateSameIdUserWhenEqualSameIdThenReturnTrue()" classname="org.fastcampus.community_feed.user.domain.UserTest" time="0.025"/>
  <system-out><![CDATA[]]></system-out>
  <system-err><![CDATA[]]></system-err>
</testsuite>
