<?xml version="1.0" encoding="UTF-8"?>
<testsuite name="org.fastcampus.community_feed.user.application.UserServiceTest" tests="1" skipped="0" failures="0" errors="0" timestamp="2024-12-31T07:44:56" hostname="YAHOPET" time="0.064">
  <properties/>
  <testcase name="givenUserInfoDtoWhenCreateUserThenCanFindUser()" classname="org.fastcampus.community_feed.user.application.UserServiceTest" time="0.064"/>
  <system-out><![CDATA[]]></system-out>
  <system-err><![CDATA[]]></system-err>
</testsuite>
